build/app/intermediates/manifest_merge_blame_file/debug/manifest-merger-blame-debug-report.txt
1<?xml version="1.0" encoding="utf-8"?>
2<manifest xmlns:android="http://schemas.android.com/apk/res/android"
3    package="com.example.firstapp"
4    android:versionCode="1"
5    android:versionName="1.0.0" >
6
7    <uses-sdk
8        android:minSdkVersion="16"
9        android:targetSdkVersion="28" />
10    <!--
11         Flutter needs it to communicate with the running application
12         to allow setting breakpoints, to provide hot reload, etc.
13    -->
14    <uses-permission android:name="android.permission.INTERNET" />
14-->src/debug/AndroidManifest.xml:6:5-66
14-->src/debug/AndroidManifest.xml:6:22-64
15    <!--
16     io.flutter.app.FlutterApplication is an android.app.Application that
17         calls FlutterMain.startInitialization(this); in its onCreate method.
18         In most cases you can leave this as-is, but you if you want to provide
19         additional functionality it is fine to subclass or reimplement
20         FlutterApplication and put your custom class here.
21    -->
22    <application
22-->src/main/AndroidManifest.xml:8:5-31:19
23        android:name="io.flutter.app.FlutterApplication"
23-->src/main/AndroidManifest.xml:9:9-57
24        android:appComponentFactory="androidx.core.app.CoreComponentFactory"
24-->[androidx.core:core:1.0.0] AndroidManifest.xml:22:18-86
25        android:debuggable="true"
26        android:icon="@mipmap/ic_launcher"
26-->src/main/AndroidManifest.xml:11:9-43
27        android:label="firstapp" >
27-->src/main/AndroidManifest.xml:10:9-33
28        <meta-data
28-->src/main/AndroidManifest.xml:12:9-13:73
29            android:name="com.google.android.geo.API_KEY"
29-->src/main/AndroidManifest.xml:12:20-65
30            android:value="AIzaSyB80BT69bw-GRTiEgvsMycxaO9DrVcEUlE" />
30-->src/main/AndroidManifest.xml:13:16-71
31
32        <activity
32-->src/main/AndroidManifest.xml:14:9-25:20
33            android:name="com.example.firstapp.MainActivity"
33-->src/main/AndroidManifest.xml:15:13-41
34            android:configChanges="orientation|keyboardHidden|keyboard|screenSize|smallestScreenSize|locale|layoutDirection|fontScale|screenLayout|density|uiMode"
34-->src/main/AndroidManifest.xml:18:13-163
35            android:hardwareAccelerated="true"
35-->src/main/AndroidManifest.xml:19:13-47
36            android:launchMode="singleTop"
36-->src/main/AndroidManifest.xml:16:13-43
37            android:theme="@style/LaunchTheme"
37-->src/main/AndroidManifest.xml:17:13-47
38            android:windowSoftInputMode="adjustResize" >
38-->src/main/AndroidManifest.xml:20:13-55
39            <intent-filter>
39-->src/main/AndroidManifest.xml:21:13-24:29
40                <action android:name="android.intent.action.MAIN" />
40-->src/main/AndroidManifest.xml:22:17-68
40-->src/main/AndroidManifest.xml:22:25-66
41
42                <category android:name="android.intent.category.LAUNCHER" />
42-->src/main/AndroidManifest.xml:23:17-76
42-->src/main/AndroidManifest.xml:23:27-74
43            </intent-filter>
44        </activity>
45        <!--
46             Don't delete the meta-data below.
47             This is used by the Flutter tool to generate GeneratedPluginRegistrant.java
48        -->
49        <meta-data
49-->src/main/AndroidManifest.xml:28:9-30:33
50            android:name="flutterEmbedding"
50-->src/main/AndroidManifest.xml:29:13-44
51            android:value="2" />
51-->src/main/AndroidManifest.xml:30:13-30
52    </application>
53
54</manifest>